0 info it worked if it ends with ok
1 verbose cli [ '/Users/gopinathmuthusamy/.nvm/versions/node/v6.9.1/bin/node',
1 verbose cli   '/Users/gopinathmuthusamy/.nvm/versions/node/v6.9.1/bin/npm',
1 verbose cli   'run',
1 verbose cli   'test' ]
2 info using npm@3.10.8
3 info using node@v6.9.1
4 verbose run-script [ 'pretest', 'test', 'posttest' ]
5 info lifecycle wdio-framework-v0@1.0.0~pretest: wdio-framework-v0@1.0.0
6 silly lifecycle wdio-framework-v0@1.0.0~pretest: no script for pretest, continuing
7 info lifecycle wdio-framework-v0@1.0.0~test: wdio-framework-v0@1.0.0
8 verbose lifecycle wdio-framework-v0@1.0.0~test: unsafe-perm in lifecycle true
9 verbose lifecycle wdio-framework-v0@1.0.0~test: PATH: /Users/gopinathmuthusamy/.nvm/versions/node/v6.9.1/lib/node_modules/npm/bin/node-gyp-bin:/Users/gopinathmuthusamy/Workspace/develop/wdio-framework-v0/node_modules/.bin:/Users/gopinathmuthusamy/Library/Android/sdk/build-tools:/Users/gopinathmuthusamy/Library/Android/sdk/tools:/Users/gopinathmuthusamy/Library/Android/sdk/platform-tools:/Users/gopinathmuthusamy/.nvm/versions/node/v6.9.1/bin:/usr/local/bin:/Users/gopinathmuthusamy/bin:/usr/local/bin:/usr/local/bin:/usr/bin:/bin:/usr/sbin:/sbin:/Users/gopinathmuthusamy/.yarn/bin
10 verbose lifecycle wdio-framework-v0@1.0.0~test: CWD: /Users/gopinathmuthusamy/Workspace/develop/wdio-framework-v0
11 silly lifecycle wdio-framework-v0@1.0.0~test: Args: [ '-c', 'wdio wdio.conf-cucumber.js' ]
12 silly lifecycle wdio-framework-v0@1.0.0~test: Returned: code: 1  signal: null
13 info lifecycle wdio-framework-v0@1.0.0~test: Failed to exec test script
14 verbose stack Error: wdio-framework-v0@1.0.0 test: `wdio wdio.conf-cucumber.js`
14 verbose stack Exit status 1
14 verbose stack     at EventEmitter.<anonymous> (/Users/gopinathmuthusamy/.nvm/versions/node/v6.9.1/lib/node_modules/npm/lib/utils/lifecycle.js:255:16)
14 verbose stack     at emitTwo (events.js:106:13)
14 verbose stack     at EventEmitter.emit (events.js:191:7)
14 verbose stack     at ChildProcess.<anonymous> (/Users/gopinathmuthusamy/.nvm/versions/node/v6.9.1/lib/node_modules/npm/lib/utils/spawn.js:40:14)
14 verbose stack     at emitTwo (events.js:106:13)
14 verbose stack     at ChildProcess.emit (events.js:191:7)
14 verbose stack     at maybeClose (internal/child_process.js:877:16)
14 verbose stack     at Process.ChildProcess._handle.onexit (internal/child_process.js:226:5)
15 verbose pkgid wdio-framework-v0@1.0.0
16 verbose cwd /Users/gopinathmuthusamy/Workspace/develop/wdio-framework-v0
17 error Darwin 17.7.0
18 error argv "/Users/gopinathmuthusamy/.nvm/versions/node/v6.9.1/bin/node" "/Users/gopinathmuthusamy/.nvm/versions/node/v6.9.1/bin/npm" "run" "test"
19 error node v6.9.1
20 error npm  v3.10.8
21 error code ELIFECYCLE
22 error wdio-framework-v0@1.0.0 test: `wdio wdio.conf-cucumber.js`
22 error Exit status 1
23 error Failed at the wdio-framework-v0@1.0.0 test script 'wdio wdio.conf-cucumber.js'.
23 error Make sure you have the latest version of node.js and npm installed.
23 error If you do, this is most likely a problem with the wdio-framework-v0 package,
23 error not with npm itself.
23 error Tell the author that this fails on your system:
23 error     wdio wdio.conf-cucumber.js
23 error You can get information on how to open an issue for this project with:
23 error     npm bugs wdio-framework-v0
23 error Or if that isn't available, you can get their info via:
23 error     npm owner ls wdio-framework-v0
23 error There is likely additional logging output above.
24 verbose exit [ 1, true ]
